[ERROR 2023-02-06 16:50:41]expected_text is 请输入正确的邮, text is 请输入正确的邮箱
[ERROR 2023-02-06 17:01:28]expected_text is 邮箱已存在, text is 请输入正确的邮箱
[ERROR 2023-02-06 17:20:33]元素定位超时！
[ERROR 2023-02-06 17:21:46]expected_text is 邮箱已存在, text is 请输入正确的邮箱
[ERROR 2023-02-06 17:28:35]expected_text is 邮箱已存在, text is 请输入正确的邮箱
[ERROR 2023-02-06 18:10:13]元素定位超时！
[ERROR 2023-02-06 18:10:43]元素定位超时！
[ERROR 2023-02-06 18:15:45]元素定位超时！
[ERROR 2023-02-06 18:16:15]元素定位超时！
[ERROR 2023-02-06 18:20:41]元素定位超时！
[ERROR 2023-02-06 18:22:22]元素定位超时！
[ERROR 2023-02-07 10:05:48]元素定位超时！
[ERROR 2023-02-07 10:11:25]元素定位超时！
[ERROR 2023-02-07 10:18:12]元素定位超时！
[ERROR 2023-02-07 10:20:05]元素定位超时！
[ERROR 2023-02-07 16:51:21]元素定位超时！
[ERROR 2023-02-07 16:53:16]元素定位超时！
[ERROR 2023-02-07 17:08:49]元素定位超时！
[ERROR 2023-02-07 17:08:55]expected_text is 请输入18位证件号码, text is 
[ERROR 2023-02-07 17:12:29]元素定位超时！
[ERROR 2023-02-07 17:12:33]expected_text is 请输入18位证件号码, text is 证件号已存在
[ERROR 2023-02-07 17:22:31]元素定位超时！
[ERROR 2023-02-07 17:22:38]expected_text is 请输入18位证件号码, text is 证件号已存在
[ERROR 2023-02-07 17:42:15]元素定位超时！
[ERROR 2023-02-07 18:01:54]元素定位超时！
[ERROR 2023-02-07 18:02:37]expected_text is 请输入18位证件号码, text is 证件号已存在
[ERROR 2023-02-07 18:12:45]元素定位超时！
[ERROR 2023-02-07 18:13:59]元素定位超时！
[ERROR 2023-02-07 18:15:33]元素定位超时！
[ERROR 2023-02-07 18:17:21]元素定位超时！
[ERROR 2023-02-07 18:22:05]expected_text is 请输入18位证件号码, text is 
[ERROR 2023-02-08 18:15:18]expected_text is 证件号已存在, text is 请输入18位证件号码
[ERROR 2023-02-08 18:16:13]expected_text is 证件号已存在, text is 请输入18位证件号码
